{"/Users/7s4r/Projects/spa-starter-kit/src/components/molecules/Breadcrumb/index.js": {"path":"/Users/7s4r/Projects/spa-starter-kit/src/components/molecules/Breadcrumb/index.js","statementMap":{"0":{"start":{"line":10,"column":23},"end":{"line":14,"column":3}},"1":{"start":{"line":10,"column":50},"end":{"line":14,"column":1}},"2":{"start":{"line":16,"column":19},"end":{"line":40,"column":1}},"3":{"start":{"line":17,"column":17},"end":{"line":17,"column":61}},"4":{"start":{"line":18,"column":23},"end":{"line":18,"column":36}},"5":{"start":{"line":20,"column":2},"end":{"line":39,"column":3}},"6":{"start":{"line":27,"column":10},"end":{"line":29,"column":11}},"7":{"start":{"line":28,"column":12},"end":{"line":28,"column":78}},"8":{"start":{"line":31,"column":10},"end":{"line":35,"column":11}},"9":{"start":{"line":42,"column":0},"end":{"line":44,"column":1}}},"fnMap":{"0":{"name":"(anonymous_0)","decl":{"start":{"line":10,"column":40},"end":{"line":10,"column":41}},"loc":{"start":{"line":10,"column":50},"end":{"line":14,"column":1}},"line":10},"1":{"name":"(anonymous_1)","decl":{"start":{"line":16,"column":19},"end":{"line":16,"column":20}},"loc":{"start":{"line":16,"column":37},"end":{"line":40,"column":1}},"line":16},"2":{"name":"(anonymous_2)","decl":{"start":{"line":26,"column":19},"end":{"line":26,"column":20}},"loc":{"start":{"line":26,"column":36},"end":{"line":36,"column":9}},"line":26}},"branchMap":{"0":{"loc":{"start":{"line":27,"column":10},"end":{"line":29,"column":11}},"type":"if","locations":[{"start":{"line":27,"column":10},"end":{"line":29,"column":11}},{"start":{"line":27,"column":10},"end":{"line":29,"column":11}}],"line":27}},"s":{"0":1,"1":1,"2":1,"3":1,"4":1,"5":1,"6":0,"7":0,"8":0,"9":1},"f":{"0":1,"1":1,"2":0},"b":{"0":[0,0]},"_coverageSchema":"43e27e138ebf9cfc5966b082cf9a028302ed4184","hash":"ab8108f0d7daddc9283c9d99dfdedf8c8eee362c"}
,"/Users/7s4r/Projects/spa-starter-kit/src/components/molecules/UserAccount/index.js": {"path":"/Users/7s4r/Projects/spa-starter-kit/src/components/molecules/UserAccount/index.js","statementMap":{"0":{"start":{"line":25,"column":4},"end":{"line":25,"column":22}},"1":{"start":{"line":29,"column":18},"end":{"line":29,"column":37}},"2":{"start":{"line":31,"column":4},"end":{"line":39,"column":5}},"3":{"start":{"line":32,"column":6},"end":{"line":38,"column":8}},"4":{"start":{"line":43,"column":4},"end":{"line":43,"column":52}},"5":{"start":{"line":47,"column":4},"end":{"line":47,"column":37}},"6":{"start":{"line":51,"column":48},"end":{"line":51,"column":58}},"7":{"start":{"line":52,"column":18},"end":{"line":52,"column":28}},"8":{"start":{"line":54,"column":4},"end":{"line":94,"column":5}},"9":{"start":{"line":77,"column":18},"end":{"line":81,"column":29}}},"fnMap":{"0":{"name":"(anonymous_0)","decl":{"start":{"line":24,"column":2},"end":{"line":24,"column":3}},"loc":{"start":{"line":24,"column":22},"end":{"line":26,"column":3}},"line":24},"1":{"name":"(anonymous_1)","decl":{"start":{"line":28,"column":16},"end":{"line":28,"column":17}},"loc":{"start":{"line":28,"column":22},"end":{"line":40,"column":3}},"line":28},"2":{"name":"(anonymous_2)","decl":{"start":{"line":42,"column":16},"end":{"line":42,"column":17}},"loc":{"start":{"line":42,"column":27},"end":{"line":44,"column":3}},"line":42},"3":{"name":"(anonymous_3)","decl":{"start":{"line":46,"column":16},"end":{"line":46,"column":17}},"loc":{"start":{"line":46,"column":22},"end":{"line":48,"column":3}},"line":46},"4":{"name":"(anonymous_4)","decl":{"start":{"line":50,"column":2},"end":{"line":50,"column":3}},"loc":{"start":{"line":50,"column":11},"end":{"line":95,"column":3}},"line":50},"5":{"name":"(anonymous_5)","decl":{"start":{"line":76,"column":44},"end":{"line":76,"column":45}},"loc":{"start":{"line":77,"column":18},"end":{"line":81,"column":29}},"line":77}},"branchMap":{"0":{"loc":{"start":{"line":31,"column":4},"end":{"line":39,"column":5}},"type":"if","locations":[{"start":{"line":31,"column":4},"end":{"line":39,"column":5}},{"start":{"line":31,"column":4},"end":{"line":39,"column":5}}],"line":31},"1":{"loc":{"start":{"line":60,"column":21},"end":{"line":60,"column":57}},"type":"cond-expr","locations":[{"start":{"line":60,"column":32},"end":{"line":60,"column":45}},{"start":{"line":60,"column":48},"end":{"line":60,"column":57}}],"line":60},"2":{"loc":{"start":{"line":74,"column":12},"end":{"line":90,"column":15}},"type":"cond-expr","locations":[{"start":{"line":76,"column":16},"end":{"line":82,"column":18}},{"start":{"line":85,"column":16},"end":{"line":89,"column":27}}],"line":74}},"s":{"0":1,"1":1,"2":1,"3":0,"4":0,"5":0,"6":1,"7":1,"8":1,"9":0},"f":{"0":1,"1":1,"2":0,"3":0,"4":1,"5":0},"b":{"0":[0,1],"1":[0,1],"2":[0,1]},"_coverageSchema":"43e27e138ebf9cfc5966b082cf9a028302ed4184","hash":"c41e21c980fa1c98097d148a5aec5d717deea9fa"}
,"/Users/7s4r/Projects/spa-starter-kit/src/components/organisms/Footer/index.js": {"path":"/Users/7s4r/Projects/spa-starter-kit/src/components/organisms/Footer/index.js","statementMap":{"0":{"start":{"line":8,"column":16},"end":{"line":11,"column":3}},"1":{"start":{"line":8,"column":43},"end":{"line":11,"column":1}},"2":{"start":{"line":13,"column":15},"end":{"line":21,"column":1}},"3":{"start":{"line":14,"column":2},"end":{"line":20,"column":12}},"4":{"start":{"line":23,"column":0},"end":{"line":25,"column":1}}},"fnMap":{"0":{"name":"(anonymous_0)","decl":{"start":{"line":8,"column":33},"end":{"line":8,"column":34}},"loc":{"start":{"line":8,"column":43},"end":{"line":11,"column":1}},"line":8},"1":{"name":"(anonymous_1)","decl":{"start":{"line":13,"column":15},"end":{"line":13,"column":16}},"loc":{"start":{"line":14,"column":2},"end":{"line":20,"column":12}},"line":14}},"branchMap":{},"s":{"0":1,"1":0,"2":1,"3":0,"4":1},"f":{"0":0,"1":0},"b":{},"_coverageSchema":"43e27e138ebf9cfc5966b082cf9a028302ed4184","hash":"0bc2a401d5ce1349286f6bc804b2d35e9fef972f"}
,"/Users/7s4r/Projects/spa-starter-kit/src/components/organisms/Header/index.js": {"path":"/Users/7s4r/Projects/spa-starter-kit/src/components/organisms/Header/index.js","statementMap":{"0":{"start":{"line":12,"column":16},"end":{"line":14,"column":2}},"1":{"start":{"line":16,"column":14},"end":{"line":19,"column":3}},"2":{"start":{"line":16,"column":43},"end":{"line":19,"column":1}},"3":{"start":{"line":21,"column":15},"end":{"line":38,"column":1}},"4":{"start":{"line":22,"column":2},"end":{"line":37,"column":12}},"5":{"start":{"line":40,"column":0},"end":{"line":42,"column":1}}},"fnMap":{"0":{"name":"(anonymous_0)","decl":{"start":{"line":16,"column":33},"end":{"line":16,"column":34}},"loc":{"start":{"line":16,"column":43},"end":{"line":19,"column":1}},"line":16},"1":{"name":"(anonymous_1)","decl":{"start":{"line":21,"column":15},"end":{"line":21,"column":16}},"loc":{"start":{"line":22,"column":2},"end":{"line":37,"column":12}},"line":22}},"branchMap":{},"s":{"0":1,"1":1,"2":0,"3":1,"4":0,"5":1},"f":{"0":0,"1":0},"b":{},"_coverageSchema":"43e27e138ebf9cfc5966b082cf9a028302ed4184","hash":"3fb4286770679f333540e0e37f8c524c6a8514a3"}
,"/Users/7s4r/Projects/spa-starter-kit/src/components/organisms/Hero/index.js": {"path":"/Users/7s4r/Projects/spa-starter-kit/src/components/organisms/Hero/index.js","statementMap":{"0":{"start":{"line":3,"column":13},"end":{"line":7,"column":1}},"1":{"start":{"line":4,"column":2},"end":{"line":6,"column":8}}},"fnMap":{"0":{"name":"(anonymous_0)","decl":{"start":{"line":3,"column":13},"end":{"line":3,"column":14}},"loc":{"start":{"line":4,"column":2},"end":{"line":6,"column":8}},"line":4}},"branchMap":{},"s":{"0":1,"1":0},"f":{"0":0},"b":{},"_coverageSchema":"43e27e138ebf9cfc5966b082cf9a028302ed4184","hash":"205343f9267debb161a5689175efbb090c5bbced"}
,"/Users/7s4r/Projects/spa-starter-kit/src/components/organisms/SideMenu/index.js": {"path":"/Users/7s4r/Projects/spa-starter-kit/src/components/organisms/SideMenu/index.js","statementMap":{"0":{"start":{"line":20,"column":25},"end":{"line":24,"column":3}},"1":{"start":{"line":21,"column":4},"end":{"line":23,"column":6}},"2":{"start":{"line":27,"column":21},"end":{"line":27,"column":31}},"3":{"start":{"line":28,"column":18},"end":{"line":28,"column":28}},"4":{"start":{"line":31,"column":6},"end":{"line":52,"column":12}},"5":{"start":{"line":55,"column":4},"end":{"line":71,"column":5}},"6":{"start":{"line":75,"column":0},"end":{"line":77,"column":1}}},"fnMap":{"0":{"name":"(anonymous_0)","decl":{"start":{"line":20,"column":17},"end":{"line":20,"column":18}},"loc":{"start":{"line":20,"column":25},"end":{"line":24,"column":3}},"line":20},"1":{"name":"(anonymous_1)","decl":{"start":{"line":20,"column":25},"end":{"line":20,"column":26}},"loc":{"start":{"line":20,"column":31},"end":{"line":24,"column":3}},"line":20},"2":{"name":"(anonymous_2)","decl":{"start":{"line":26,"column":2},"end":{"line":26,"column":3}},"loc":{"start":{"line":26,"column":11},"end":{"line":72,"column":3}},"line":26}},"branchMap":{},"s":{"0":0,"1":0,"2":0,"3":0,"4":0,"5":0,"6":2},"f":{"0":0,"1":0,"2":0},"b":{},"_coverageSchema":"43e27e138ebf9cfc5966b082cf9a028302ed4184","hash":"40a9174b77ebe31219fcad0f1de39ca18fdb931e"}
,"/Users/7s4r/Projects/spa-starter-kit/src/utils/storage.js": {"path":"/Users/7s4r/Projects/spa-starter-kit/src/utils/storage.js","statementMap":{"0":{"start":{"line":1,"column":16},"end":{"line":32,"column":1}},"1":{"start":{"line":3,"column":4},"end":{"line":3,"column":70}},"2":{"start":{"line":3,"column":56},"end":{"line":3,"column":68}},"3":{"start":{"line":5,"column":19},"end":{"line":8,"column":5}},"4":{"start":{"line":10,"column":4},"end":{"line":10,"column":53}},"5":{"start":{"line":12,"column":4},"end":{"line":12,"column":19}},"6":{"start":{"line":15,"column":4},"end":{"line":15,"column":70}},"7":{"start":{"line":15,"column":56},"end":{"line":15,"column":68}},"8":{"start":{"line":17,"column":17},"end":{"line":17,"column":42}},"9":{"start":{"line":19,"column":4},"end":{"line":19,"column":31}},"10":{"start":{"line":19,"column":17},"end":{"line":19,"column":29}},"11":{"start":{"line":21,"column":19},"end":{"line":21,"column":35}},"12":{"start":{"line":23,"column":4},"end":{"line":25,"column":5}},"13":{"start":{"line":24,"column":6},"end":{"line":24,"column":68}},"14":{"start":{"line":27,"column":4},"end":{"line":27,"column":35}},"15":{"start":{"line":30,"column":4},"end":{"line":30,"column":32}}},"fnMap":{"0":{"name":"(anonymous_0)","decl":{"start":{"line":2,"column":7},"end":{"line":2,"column":8}},"loc":{"start":{"line":2,"column":42},"end":{"line":13,"column":3}},"line":2},"1":{"name":"(anonymous_1)","decl":{"start":{"line":14,"column":7},"end":{"line":14,"column":8}},"loc":{"start":{"line":14,"column":16},"end":{"line":28,"column":3}},"line":14},"2":{"name":"(anonymous_2)","decl":{"start":{"line":29,"column":10},"end":{"line":29,"column":11}},"loc":{"start":{"line":29,"column":19},"end":{"line":31,"column":3}},"line":29}},"branchMap":{"0":{"loc":{"start":{"line":2,"column":23},"end":{"line":2,"column":37}},"type":"default-arg","locations":[{"start":{"line":2,"column":36},"end":{"line":2,"column":37}}],"line":2},"1":{"loc":{"start":{"line":3,"column":4},"end":{"line":3,"column":70}},"type":"if","locations":[{"start":{"line":3,"column":4},"end":{"line":3,"column":70}},{"start":{"line":3,"column":4},"end":{"line":3,"column":70}}],"line":3},"2":{"loc":{"start":{"line":3,"column":8},"end":{"line":3,"column":52}},"type":"binary-expr","locations":[{"start":{"line":3,"column":8},"end":{"line":3,"column":28}},{"start":{"line":3,"column":32},"end":{"line":3,"column":44}},{"start":{"line":3,"column":48},"end":{"line":3,"column":52}}],"line":3},"3":{"loc":{"start":{"line":7,"column":15},"end":{"line":7,"column":70}},"type":"cond-expr","locations":[{"start":{"line":7,"column":34},"end":{"line":7,"column":66}},{"start":{"line":7,"column":69},"end":{"line":7,"column":70}}],"line":7},"4":{"loc":{"start":{"line":15,"column":4},"end":{"line":15,"column":70}},"type":"if","locations":[{"start":{"line":15,"column":4},"end":{"line":15,"column":70}},{"start":{"line":15,"column":4},"end":{"line":15,"column":70}}],"line":15},"5":{"loc":{"start":{"line":15,"column":8},"end":{"line":15,"column":52}},"type":"binary-expr","locations":[{"start":{"line":15,"column":8},"end":{"line":15,"column":28}},{"start":{"line":15,"column":32},"end":{"line":15,"column":44}},{"start":{"line":15,"column":48},"end":{"line":15,"column":52}}],"line":15},"6":{"loc":{"start":{"line":19,"column":4},"end":{"line":19,"column":31}},"type":"if","locations":[{"start":{"line":19,"column":4},"end":{"line":19,"column":31}},{"start":{"line":19,"column":4},"end":{"line":19,"column":31}}],"line":19},"7":{"loc":{"start":{"line":23,"column":4},"end":{"line":25,"column":5}},"type":"if","locations":[{"start":{"line":23,"column":4},"end":{"line":25,"column":5}},{"start":{"line":23,"column":4},"end":{"line":25,"column":5}}],"line":23},"8":{"loc":{"start":{"line":24,"column":13},"end":{"line":24,"column":68}},"type":"binary-expr","locations":[{"start":{"line":24,"column":13},"end":{"line":24,"column":40}},{"start":{"line":24,"column":44},"end":{"line":24,"column":68}}],"line":24}},"s":{"0":2,"1":0,"2":0,"3":0,"4":0,"5":0,"6":1,"7":0,"8":1,"9":1,"10":1,"11":0,"12":0,"13":0,"14":0,"15":0},"f":{"0":0,"1":1,"2":0},"b":{"0":[0],"1":[0,0],"2":[0,0,0],"3":[0,0],"4":[0,1],"5":[1,1,1],"6":[1,0],"7":[0,0],"8":[0,0]},"_coverageSchema":"43e27e138ebf9cfc5966b082cf9a028302ed4184","hash":"52a80a93bf9914e11958f717cd53c4c1cd69259f"}
,"/Users/7s4r/Projects/spa-starter-kit/src/utils/style.js": {"path":"/Users/7s4r/Projects/spa-starter-kit/src/utils/style.js","statementMap":{"0":{"start":{"line":9,"column":22},"end":{"line":26,"column":1}},"1":{"start":{"line":9,"column":35},"end":{"line":26,"column":1}},"2":{"start":{"line":11,"column":45},"end":{"line":11,"column":50}},"3":{"start":{"line":12,"column":4},"end":{"line":12,"column":83}},"4":{"start":{"line":15,"column":2},"end":{"line":18,"column":3}},"5":{"start":{"line":20,"column":2},"end":{"line":22,"column":3}},"6":{"start":{"line":24,"column":17},"end":{"line":24,"column":98}},"7":{"start":{"line":24,"column":57},"end":{"line":24,"column":79}},"8":{"start":{"line":25,"column":2},"end":{"line":25,"column":53}},"9":{"start":{"line":31,"column":21},"end":{"line":31,"column":62}},"10":{"start":{"line":31,"column":39},"end":{"line":31,"column":62}},"11":{"start":{"line":36,"column":22},"end":{"line":42,"column":1}},"12":{"start":{"line":37,"column":2},"end":{"line":39,"column":3}},"13":{"start":{"line":38,"column":4},"end":{"line":38,"column":24}},"14":{"start":{"line":41,"column":2},"end":{"line":41,"column":22}}},"fnMap":{"0":{"name":"(anonymous_0)","decl":{"start":{"line":9,"column":22},"end":{"line":9,"column":23}},"loc":{"start":{"line":9,"column":35},"end":{"line":26,"column":1}},"line":9},"1":{"name":"(anonymous_1)","decl":{"start":{"line":9,"column":35},"end":{"line":9,"column":36}},"loc":{"start":{"line":9,"column":55},"end":{"line":26,"column":1}},"line":9},"2":{"name":"StyledComponent","decl":{"start":{"line":10,"column":11},"end":{"line":10,"column":26}},"loc":{"start":{"line":10,"column":34},"end":{"line":13,"column":3}},"line":10},"3":{"name":"(anonymous_3)","decl":{"start":{"line":24,"column":47},"end":{"line":24,"column":48}},"loc":{"start":{"line":24,"column":57},"end":{"line":24,"column":79}},"line":24},"4":{"name":"(anonymous_4)","decl":{"start":{"line":31,"column":21},"end":{"line":31,"column":22}},"loc":{"start":{"line":31,"column":39},"end":{"line":31,"column":62}},"line":31},"5":{"name":"(anonymous_5)","decl":{"start":{"line":36,"column":22},"end":{"line":36,"column":23}},"loc":{"start":{"line":36,"column":72},"end":{"line":42,"column":1}},"line":36}},"branchMap":{"0":{"loc":{"start":{"line":24,"column":17},"end":{"line":24,"column":98}},"type":"cond-expr","locations":[{"start":{"line":24,"column":47},"end":{"line":24,"column":80}},{"start":{"line":24,"column":83},"end":{"line":24,"column":98}}],"line":24},"1":{"loc":{"start":{"line":36,"column":49},"end":{"line":36,"column":67}},"type":"default-arg","locations":[{"start":{"line":36,"column":65},"end":{"line":36,"column":67}}],"line":36},"2":{"loc":{"start":{"line":37,"column":2},"end":{"line":39,"column":3}},"type":"if","locations":[{"start":{"line":37,"column":2},"end":{"line":39,"column":3}},{"start":{"line":37,"column":2},"end":{"line":39,"column":3}}],"line":37}},"s":{"0":3,"1":4,"2":1,"3":1,"4":4,"5":4,"6":4,"7":1,"8":4,"9":3,"10":0,"11":3,"12":0,"13":0,"14":0},"f":{"0":4,"1":4,"2":1,"3":1,"4":0,"5":0},"b":{"0":[3,1],"1":[0],"2":[0,0]},"_coverageSchema":"43e27e138ebf9cfc5966b082cf9a028302ed4184","hash":"5353f9e3200f2af5beaaa59be5335ac3949e24c8"}
}
