TN:
SF:/Users/7s4r/Projects/spa-starter-kit/src/components/molecules/Breadcrumb/index.js
FN:10,(anonymous_0)
FN:16,(anonymous_1)
FN:26,(anonymous_2)
FNF:3
FNH:2
FNDA:1,(anonymous_0)
FNDA:1,(anonymous_1)
FNDA:0,(anonymous_2)
DA:10,1
DA:16,1
DA:17,1
DA:18,1
DA:20,1
DA:27,0
DA:28,0
DA:31,0
DA:42,1
LF:9
LH:6
BRDA:27,0,0,0
BRDA:27,0,1,0
BRF:2
BRH:0
end_of_record
TN:
SF:/Users/7s4r/Projects/spa-starter-kit/src/components/molecules/UserAccount/index.js
FN:24,(anonymous_0)
FN:28,(anonymous_1)
FN:42,(anonymous_2)
FN:46,(anonymous_3)
FN:50,(anonymous_4)
FN:76,(anonymous_5)
FNF:6
FNH:3
FNDA:1,(anonymous_0)
FNDA:1,(anonymous_1)
FNDA:0,(anonymous_2)
FNDA:0,(anonymous_3)
FNDA:1,(anonymous_4)
FNDA:0,(anonymous_5)
DA:25,1
DA:29,1
DA:31,1
DA:32,0
DA:43,0
DA:47,0
DA:51,1
DA:52,1
DA:54,1
DA:77,0
LF:10
LH:6
BRDA:31,0,0,0
BRDA:31,0,1,1
BRDA:60,1,0,0
BRDA:60,1,1,1
BRDA:74,2,0,0
BRDA:74,2,1,1
BRF:6
BRH:3
end_of_record
TN:
SF:/Users/7s4r/Projects/spa-starter-kit/src/components/organisms/Footer/index.js
FN:8,(anonymous_0)
FN:13,(anonymous_1)
FNF:2
FNH:0
FNDA:0,(anonymous_0)
FNDA:0,(anonymous_1)
DA:8,1
DA:13,1
DA:14,0
DA:23,1
LF:4
LH:3
BRF:0
BRH:0
end_of_record
TN:
SF:/Users/7s4r/Projects/spa-starter-kit/src/components/organisms/Header/index.js
FN:16,(anonymous_0)
FN:21,(anonymous_1)
FNF:2
FNH:0
FNDA:0,(anonymous_0)
FNDA:0,(anonymous_1)
DA:12,1
DA:16,1
DA:21,1
DA:22,0
DA:40,1
LF:5
LH:4
BRF:0
BRH:0
end_of_record
TN:
SF:/Users/7s4r/Projects/spa-starter-kit/src/components/organisms/Hero/index.js
FN:3,(anonymous_0)
FNF:1
FNH:0
FNDA:0,(anonymous_0)
DA:3,1
DA:4,0
LF:2
LH:1
BRF:0
BRH:0
end_of_record
TN:
SF:/Users/7s4r/Projects/spa-starter-kit/src/components/organisms/SideMenu/index.js
FN:20,(anonymous_0)
FN:20,(anonymous_1)
FN:26,(anonymous_2)
FNF:3
FNH:0
FNDA:0,(anonymous_0)
FNDA:0,(anonymous_1)
FNDA:0,(anonymous_2)
DA:20,0
DA:21,0
DA:27,0
DA:28,0
DA:31,0
DA:55,0
DA:75,2
LF:7
LH:1
BRF:0
BRH:0
end_of_record
TN:
SF:/Users/7s4r/Projects/spa-starter-kit/src/utils/storage.js
FN:2,(anonymous_0)
FN:14,(anonymous_1)
FN:29,(anonymous_2)
FNF:3
FNH:1
FNDA:0,(anonymous_0)
FNDA:1,(anonymous_1)
FNDA:0,(anonymous_2)
DA:1,2
DA:3,0
DA:5,0
DA:10,0
DA:12,0
DA:15,1
DA:17,1
DA:19,1
DA:21,0
DA:23,0
DA:24,0
DA:27,0
DA:30,0
LF:13
LH:4
BRDA:2,0,0,0
BRDA:3,1,0,0
BRDA:3,1,1,0
BRDA:3,2,0,0
BRDA:3,2,1,0
BRDA:3,2,2,0
BRDA:7,3,0,0
BRDA:7,3,1,0
BRDA:15,4,0,0
BRDA:15,4,1,1
BRDA:15,5,0,1
BRDA:15,5,1,1
BRDA:15,5,2,1
BRDA:19,6,0,1
BRDA:19,6,1,0
BRDA:23,7,0,0
BRDA:23,7,1,0
BRDA:24,8,0,0
BRDA:24,8,1,0
BRF:19
BRH:5
end_of_record
TN:
SF:/Users/7s4r/Projects/spa-starter-kit/src/utils/style.js
FN:9,(anonymous_0)
FN:9,(anonymous_1)
FN:10,StyledComponent
FN:24,(anonymous_3)
FN:31,(anonymous_4)
FN:36,(anonymous_5)
FNF:6
FNH:4
FNDA:4,(anonymous_0)
FNDA:4,(anonymous_1)
FNDA:1,StyledComponent
FNDA:1,(anonymous_3)
FNDA:0,(anonymous_4)
FNDA:0,(anonymous_5)
DA:9,4
DA:11,1
DA:12,1
DA:15,4
DA:20,4
DA:24,4
DA:25,4
DA:31,3
DA:36,3
DA:37,0
DA:38,0
DA:41,0
LF:12
LH:9
BRDA:24,0,0,3
BRDA:24,0,1,1
BRDA:36,1,0,0
BRDA:37,2,0,0
BRDA:37,2,1,0
BRF:5
BRH:2
end_of_record
